# JRE version: Java(TM) SE Runtime Environment (8.0_281-b09) (build 1.8.0_281-b09)
# Java VM: Java HotSpot(TM) 64-Bit Server VM (25.281-b09 mixed mode windows-amd64 compressed oops)
Heap:
 PSYoungGen      total 270336K, used 207173K [0x00000000d6900000, 0x00000000ea180000, 0x0000000100000000)
  eden space 224768K, 79% used [0x00000000d6900000,0x00000000e170ec38,0x00000000e4480000)
  from space 45568K, 63% used [0x00000000e7500000,0x00000000e9142b80,0x00000000ea180000)
  to   space 47616K, 0% used [0x00000000e4480000,0x00000000e4480000,0x00000000e7300000)
 ParOldGen       total 180736K, used 143695K [0x0000000083a00000, 0x000000008ea80000, 0x00000000d6900000)
  object space 180736K, 79% used [0x0000000083a00000,0x000000008c653c58,0x000000008ea80000)
 Metaspace       used 33407K, capacity 34410K, committed 34736K, reserved 1079296K
  class space    used 3638K, capacity 3973K, committed 4016K, reserved 1048576K
GC Heap History (10 events):
Event: 22.066 GC heap before
{Heap before GC invocations=14 (full 2):
 PSYoungGen      total 207872K, used 200141K [0x00000000d6900000, 0x00000000e7480000, 0x0000000100000000)
  eden space 169472K, 100% used [0x00000000d6900000,0x00000000e0e80000,0x00000000e0e80000)
  from space 38400K, 79% used [0x00000000e0e80000,0x00000000e2c73688,0x00000000e3400000)
  to   space 41472K, 0% used [0x00000000e4c00000,0x00000000e4c00000,0x00000000e7480000)
 ParOldGen       total 180736K, used 95054K [0x0000000083a00000, 0x000000008ea80000, 0x00000000d6900000)
  object space 180736K, 52% used [0x0000000083a00000,0x00000000896d3820,0x000000008ea80000)
 Metaspace       used 25932K, capacity 26558K, committed 26672K, reserved 1073152K
  class space    used 2903K, capacity 3089K, committed 3120K, reserved 1048576K
Event: 22.114 GC heap after
Heap after GC invocations=14 (full 2):
 PSYoungGen      total 223232K, used 41443K [0x00000000d6900000, 0x00000000e8800000, 0x0000000100000000)
  eden space 181760K, 0% used [0x00000000d6900000,0x00000000d6900000,0x00000000e1a80000)
  from space 41472K, 99% used [0x00000000e4c00000,0x00000000e7478dc0,0x00000000e7480000)
  to   space 50688K, 0% used [0x00000000e1a80000,0x00000000e1a80000,0x00000000e4c00000)
 ParOldGen       total 180736K, used 102263K [0x0000000083a00000, 0x000000008ea80000, 0x00000000d6900000)
  object space 180736K, 56% used [0x0000000083a00000,0x0000000089ddde90,0x000000008ea80000)
 Metaspace       used 25932K, capacity 26558K, committed 26672K, reserved 1073152K
  class space    used 2903K, capacity 3089K, committed 3120K, reserved 1048576K
}
Event: 24.922 GC heap before
{Heap before GC invocations=15 (full 2):
 PSYoungGen      total 223232K, used 223203K [0x00000000d6900000, 0x00000000e8800000, 0x0000000100000000)
  eden space 181760K, 100% used [0x00000000d6900000,0x00000000e1a80000,0x00000000e1a80000)
  from space 41472K, 99% used [0x00000000e4c00000,0x00000000e7478dc0,0x00000000e7480000)
  to   space 50688K, 0% used [0x00000000e1a80000,0x00000000e1a80000,0x00000000e4c00000)
 ParOldGen       total 180736K, used 102263K [0x0000000083a00000, 0x000000008ea80000, 0x00000000d6900000)
  object space 180736K, 56% used [0x0000000083a00000,0x0000000089ddde90,0x000000008ea80000)
 Metaspace       used 27133K, capacity 27774K, committed 28080K, reserved 1075200K
  class space    used 2952K, capacity 3153K, committed 3248K, reserved 1048576K
Event: 24.975 GC heap after
Heap after GC invocations=15 (full 2):
 PSYoungGen      total 232448K, used 6697K [0x00000000d6900000, 0x00000000e9580000, 0x0000000100000000)
  eden space 181760K, 0% used [0x00000000d6900000,0x00000000d6900000,0x00000000e1a80000)
  from space 50688K, 13% used [0x00000000e1a80000,0x00000000e210a440,0x00000000e4c00000)
  to   space 50176K, 0% used [0x00000000e6480000,0x00000000e6480000,0x00000000e9580000)
 ParOldGen       total 180736K, used 143671K [0x0000000083a00000, 0x000000008ea80000, 0x00000000d6900000)
  object space 180736K, 79% used [0x0000000083a00000,0x000000008c64dc58,0x000000008ea80000)
 Metaspace       used 27133K, capacity 27774K, committed 28080K, reserved 1075200K
  class space    used 2952K, capacity 3153K, committed 3248K, reserved 1048576K
}
Event: 26.756 GC heap before
{Heap before GC invocations=16 (full 2):
 PSYoungGen      total 232448K, used 188457K [0x00000000d6900000, 0x00000000e9580000, 0x0000000100000000)
  eden space 181760K, 100% used [0x00000000d6900000,0x00000000e1a80000,0x00000000e1a80000)
  from space 50688K, 13% used [0x00000000e1a80000,0x00000000e210a440,0x00000000e4c00000)
  to   space 50176K, 0% used [0x00000000e6480000,0x00000000e6480000,0x00000000e9580000)
 ParOldGen       total 180736K, used 143671K [0x0000000083a00000, 0x000000008ea80000, 0x00000000d6900000)
  object space 180736K, 79% used [0x0000000083a00000,0x000000008c64dc58,0x000000008ea80000)
 Metaspace       used 27217K, capacity 27902K, committed 28080K, reserved 1075200K
  class space    used 2953K, capacity 3153K, committed 3248K, reserved 1048576K
Event: 26.770 GC heap after
Heap after GC invocations=16 (full 2):
 PSYoungGen      total 249344K, used 9465K [0x00000000d6900000, 0x00000000e9000000, 0x0000000100000000)
  eden space 204800K, 0% used [0x00000000d6900000,0x00000000d6900000,0x00000000e3100000)
  from space 44544K, 21% used [0x00000000e6480000,0x00000000e6dbe450,0x00000000e9000000)
  to   space 48640K, 0% used [0x00000000e3100000,0x00000000e3100000,0x00000000e6080000)
 ParOldGen       total 180736K, used 143679K [0x0000000083a00000, 0x000000008ea80000, 0x00000000d6900000)
  object space 180736K, 79% used [0x0000000083a00000,0x000000008c64fc58,0x000000008ea80000)
 Metaspace       used 27217K, capacity 27902K, committed 28080K, reserved 1075200K
  class space    used 2953K, capacity 3153K, committed 3248K, reserved 1048576K
}
Event: 29.536 GC heap before
{Heap before GC invocations=17 (full 2):
 PSYoungGen      total 249344K, used 214265K [0x00000000d6900000, 0x00000000e9000000, 0x0000000100000000)
  eden space 204800K, 100% used [0x00000000d6900000,0x00000000e3100000,0x00000000e3100000)
  from space 44544K, 21% used [0x00000000e6480000,0x00000000e6dbe450,0x00000000e9000000)
  to   space 48640K, 0% used [0x00000000e3100000,0x00000000e3100000,0x00000000e6080000)
 ParOldGen       total 180736K, used 143679K [0x0000000083a00000, 0x000000008ea80000, 0x00000000d6900000)
  object space 180736K, 79% used [0x0000000083a00000,0x000000008c64fc58,0x000000008ea80000)
 Metaspace       used 27371K, capacity 27998K, committed 28080K, reserved 1075200K
  class space    used 2965K, capacity 3185K, committed 3248K, reserved 1048576K
Event: 29.557 GC heap after
Heap after GC invocations=17 (full 2):
 PSYoungGen      total 253440K, used 15408K [0x00000000d6900000, 0x00000000ea200000, 0x0000000100000000)
  eden space 204800K, 0% used [0x00000000d6900000,0x00000000d6900000,0x00000000e3100000)
  from space 48640K, 31% used [0x00000000e3100000,0x00000000e400c038,0x00000000e6080000)
  to   space 46080K, 0% used [0x00000000e7500000,0x00000000e7500000,0x00000000ea200000)
 ParOldGen       total 180736K, used 143687K [0x0000000083a00000, 0x000000008ea80000, 0x00000000d6900000)
  object space 180736K, 79% used [0x0000000083a00000,0x000000008c651c58,0x000000008ea80000)
 Metaspace       used 27371K, capacity 27998K, committed 28080K, reserved 1075200K
  class space    used 2965K, capacity 3185K, committed 3248K, reserved 1048576K
}
Event: 46.957 GC heap before
{Heap before GC invocations=18 (full 2):
 PSYoungGen      total 253440K, used 220208K [0x00000000d6900000, 0x00000000ea200000, 0x0000000100000000)
  eden space 204800K, 100% used [0x00000000d6900000,0x00000000e3100000,0x00000000e3100000)
  from space 48640K, 31% used [0x00000000e3100000,0x00000000e400c038,0x00000000e6080000)
  to   space 46080K, 0% used [0x00000000e7500000,0x00000000e7500000,0x00000000ea200000)
 ParOldGen       total 180736K, used 143687K [0x0000000083a00000, 0x000000008ea80000, 0x00000000d6900000)
  object space 180736K, 79% used [0x0000000083a00000,0x000000008c651c58,0x000000008ea80000)
 Metaspace       used 32939K, capacity 33930K, committed 34224K, reserved 1079296K
  class space    used 3608K, capacity 3941K, committed 4016K, reserved 1048576K
Event: 47.010 GC heap after
Heap after GC invocations=18 (full 2):
 PSYoungGen      total 270336K, used 28938K [0x00000000d6900000, 0x00000000ea180000, 0x0000000100000000)
  eden space 224768K, 0% used [0x00000000d6900000,0x00000000d6900000,0x00000000e4480000)
  from space 45568K, 63% used [0x00000000e7500000,0x00000000e9142b80,0x00000000ea180000)
  to   space 47616K, 0% used [0x00000000e4480000,0x00000000e4480000,0x00000000e7300000)
 ParOldGen       total 180736K, used 143695K [0x0000000083a00000, 0x000000008ea80000, 0x00000000d6900000)
  object space 180736K, 79% used [0x0000000083a00000,0x000000008c653c58,0x000000008ea80000)
 Metaspace       used 32939K, capacity 33930K, committed 34224K, reserved 1079296K
  class space    used 3608K, capacity 3941K, committed 4016K, reserved 1048576K
}

